# JRE version: Java(TM) SE Runtime Environment (8.0_91-b15) (build 1.8.0_91-b15)
# Java VM: Java HotSpot(TM) 64-Bit Server VM (25.91-b15 mixed mode windows-amd64 compressed oops)
Heap:
 PSYoungGen      total 114688K, used 51923K [0x00000000eab00000, 0x00000000f3380000, 0x0000000100000000)
  eden space 103424K, 39% used [0x00000000eab00000,0x00000000ed2b5920,0x00000000f1000000)
  from space 11264K, 99% used [0x00000000f2880000,0x00000000f337f6a0,0x00000000f3380000)
  to   space 13312K, 0% used [0x00000000f1980000,0x00000000f1980000,0x00000000f2680000)
 ParOldGen       total 94208K, used 18296K [0x00000000c0000000, 0x00000000c5c00000, 0x00000000eab00000)
  object space 94208K, 19% used [0x00000000c0000000,0x00000000c11de3a0,0x00000000c5c00000)
 Metaspace       used 43897K, capacity 44774K, committed 45232K, reserved 1087488K
  class space    used 6152K, capacity 6467K, committed 6576K, reserved 1048576K
GC Heap History (10 events):
Event: 8.521 GC heap before
{Heap before GC invocations=8 (full 1):
 PSYoungGen      total 56832K, used 56545K [0x00000000eab00000, 0x00000000ef980000, 0x0000000100000000)
  eden space 52736K, 100% used [0x00000000eab00000,0x00000000ede80000,0x00000000ede80000)
  from space 4096K, 93% used [0x00000000ef580000,0x00000000ef938740,0x00000000ef980000)
  to   space 10752K, 0% used [0x00000000ee480000,0x00000000ee480000,0x00000000eef00000)
 ParOldGen       total 59904K, used 9125K [0x00000000c0000000, 0x00000000c3a80000, 0x00000000eab00000)
  object space 59904K, 15% used [0x00000000c0000000,0x00000000c08e9480,0x00000000c3a80000)
 Metaspace       used 27451K, capacity 27930K, committed 28208K, reserved 1073152K
  class space    used 3861K, capacity 4048K, committed 4144K, reserved 1048576K
Event: 8.532 GC heap after
Heap after GC invocations=8 (full 1):
 PSYoungGen      total 69632K, used 6982K [0x00000000eab00000, 0x00000000f1200000, 0x0000000100000000)
  eden space 58880K, 0% used [0x00000000eab00000,0x00000000eab00000,0x00000000ee480000)
  from space 10752K, 64% used [0x00000000ee480000,0x00000000eeb51ad0,0x00000000eef00000)
  to   space 10752K, 0% used [0x00000000f0780000,0x00000000f0780000,0x00000000f1200000)
 ParOldGen       total 59904K, used 9133K [0x00000000c0000000, 0x00000000c3a80000, 0x00000000eab00000)
  object space 59904K, 15% used [0x00000000c0000000,0x00000000c08eb480,0x00000000c3a80000)
 Metaspace       used 27451K, capacity 27930K, committed 28208K, reserved 1073152K
  class space    used 3861K, capacity 4048K, committed 4144K, reserved 1048576K
}
Event: 9.845 GC heap before
{Heap before GC invocations=9 (full 1):
 PSYoungGen      total 69632K, used 65862K [0x00000000eab00000, 0x00000000f1200000, 0x0000000100000000)
  eden space 58880K, 100% used [0x00000000eab00000,0x00000000ee480000,0x00000000ee480000)
  from space 10752K, 64% used [0x00000000ee480000,0x00000000eeb51ad0,0x00000000eef00000)
  to   space 10752K, 0% used [0x00000000f0780000,0x00000000f0780000,0x00000000f1200000)
 ParOldGen       total 59904K, used 9133K [0x00000000c0000000, 0x00000000c3a80000, 0x00000000eab00000)
  object space 59904K, 15% used [0x00000000c0000000,0x00000000c08eb480,0x00000000c3a80000)
 Metaspace       used 30430K, capacity 30844K, committed 31152K, reserved 1075200K
  class space    used 4325K, capacity 4507K, committed 4528K, reserved 1048576K
Event: 9.860 GC heap after
Heap after GC invocations=9 (full 1):
 PSYoungGen      total 94208K, used 9092K [0x00000000eab00000, 0x00000000f1c80000, 0x0000000100000000)
  eden space 83456K, 0% used [0x00000000eab00000,0x00000000eab00000,0x00000000efc80000)
  from space 10752K, 84% used [0x00000000f0780000,0x00000000f1061368,0x00000000f1200000)
  to   space 11264K, 0% used [0x00000000efc80000,0x00000000efc80000,0x00000000f0780000)
 ParOldGen       total 59904K, used 9141K [0x00000000c0000000, 0x00000000c3a80000, 0x00000000eab00000)
  object space 59904K, 15% used [0x00000000c0000000,0x00000000c08ed480,0x00000000c3a80000)
 Metaspace       used 30430K, capacity 30844K, committed 31152K, reserved 1075200K
  class space    used 4325K, capacity 4507K, committed 4528K, reserved 1048576K
}
Event: 10.811 GC heap before
{Heap before GC invocations=10 (full 1):
 PSYoungGen      total 94208K, used 36430K [0x00000000eab00000, 0x00000000f1c80000, 0x0000000100000000)
  eden space 83456K, 32% used [0x00000000eab00000,0x00000000ec5b2628,0x00000000efc80000)
  from space 10752K, 84% used [0x00000000f0780000,0x00000000f1061368,0x00000000f1200000)
  to   space 11264K, 0% used [0x00000000efc80000,0x00000000efc80000,0x00000000f0780000)
 ParOldGen       total 59904K, used 9141K [0x00000000c0000000, 0x00000000c3a80000, 0x00000000eab00000)
  object space 59904K, 15% used [0x00000000c0000000,0x00000000c08ed480,0x00000000c3a80000)
 Metaspace       used 34725K, capacity 35274K, committed 35496K, reserved 1079296K
  class space    used 4881K, capacity 5109K, committed 5168K, reserved 1048576K
Event: 10.843 GC heap after
Heap after GC invocations=10 (full 1):
 PSYoungGen      total 94720K, used 8009K [0x00000000eab00000, 0x00000000f3380000, 0x0000000100000000)
  eden space 83456K, 0% used [0x00000000eab00000,0x00000000eab00000,0x00000000efc80000)
  from space 11264K, 71% used [0x00000000efc80000,0x00000000f0452778,0x00000000f0780000)
  to   space 11264K, 0% used [0x00000000f2880000,0x00000000f2880000,0x00000000f3380000)
 ParOldGen       total 59904K, used 10865K [0x00000000c0000000, 0x00000000c3a80000, 0x00000000eab00000)
  object space 59904K, 18% used [0x00000000c0000000,0x00000000c0a9c510,0x00000000c3a80000)
 Metaspace       used 34725K, capacity 35274K, committed 35496K, reserved 1079296K
  class space    used 4881K, capacity 5109K, committed 5168K, reserved 1048576K
}
Event: 10.843 GC heap before
{Heap before GC invocations=11 (full 2):
 PSYoungGen      total 94720K, used 8009K [0x00000000eab00000, 0x00000000f3380000, 0x0000000100000000)
  eden space 83456K, 0% used [0x00000000eab00000,0x00000000eab00000,0x00000000efc80000)
  from space 11264K, 71% used [0x00000000efc80000,0x00000000f0452778,0x00000000f0780000)
  to   space 11264K, 0% used [0x00000000f2880000,0x00000000f2880000,0x00000000f3380000)
 ParOldGen       total 59904K, used 10865K [0x00000000c0000000, 0x00000000c3a80000, 0x00000000eab00000)
  object space 59904K, 18% used [0x00000000c0000000,0x00000000c0a9c510,0x00000000c3a80000)
 Metaspace       used 34725K, capacity 35274K, committed 35496K, reserved 1079296K
  class space    used 4881K, capacity 5109K, committed 5168K, reserved 1048576K
Event: 11.037 GC heap after
Heap after GC invocations=11 (full 2):
 PSYoungGen      total 94720K, used 0K [0x00000000eab00000, 0x00000000f3380000, 0x0000000100000000)
  eden space 83456K, 0% used [0x00000000eab00000,0x00000000eab00000,0x00000000efc80000)
  from space 11264K, 0% used [0x00000000efc80000,0x00000000efc80000,0x00000000f0780000)
  to   space 11264K, 0% used [0x00000000f2880000,0x00000000f2880000,0x00000000f3380000)
 ParOldGen       total 94208K, used 16484K [0x00000000c0000000, 0x00000000c5c00000, 0x00000000eab00000)
  object space 94208K, 17% used [0x00000000c0000000,0x00000000c1019098,0x00000000c5c00000)
 Metaspace       used 34725K, capacity 35274K, committed 35496K, reserved 1079296K
  class space    used 4881K, capacity 5109K, committed 5168K, reserved 1048576K
}
Event: 13.019 GC heap before
{Heap before GC invocations=12 (full 2):
 PSYoungGen      total 94720K, used 83456K [0x00000000eab00000, 0x00000000f3380000, 0x0000000100000000)
  eden space 83456K, 100% used [0x00000000eab00000,0x00000000efc80000,0x00000000efc80000)
  from space 11264K, 0% used [0x00000000efc80000,0x00000000efc80000,0x00000000f0780000)
  to   space 11264K, 0% used [0x00000000f2880000,0x00000000f2880000,0x00000000f3380000)
 ParOldGen       total 94208K, used 16484K [0x00000000c0000000, 0x00000000c5c00000, 0x00000000eab00000)
  object space 94208K, 17% used [0x00000000c0000000,0x00000000c1019098,0x00000000c5c00000)
 Metaspace       used 41403K, capacity 42076K, committed 42416K, reserved 1085440K
  class space    used 5731K, capacity 5977K, committed 6064K, reserved 1048576K
Event: 13.052 GC heap after
Heap after GC invocations=12 (full 2):
 PSYoungGen      total 114688K, used 11261K [0x00000000eab00000, 0x00000000f3380000, 0x0000000100000000)
  eden space 103424K, 0% used [0x00000000eab00000,0x00000000eab00000,0x00000000f1000000)
  from space 11264K, 99% used [0x00000000f2880000,0x00000000f337f6a0,0x00000000f3380000)
  to   space 13312K, 0% used [0x00000000f1980000,0x00000000f1980000,0x00000000f2680000)
 ParOldGen       total 94208K, used 18296K [0x00000000c0000000, 0x00000000c5c00000, 0x00000000eab00000)
  object space 94208K, 19% used [0x00000000c0000000,0x00000000c11de3a0,0x00000000c5c00000)
 Metaspace       used 41403K, capacity 42076K, committed 42416K, reserved 1085440K
  class space    used 5731K, capacity 5977K, committed 6064K, reserved 1048576K
}

