# JRE version: Java(TM) SE Runtime Environment (8.0_91-b15) (build 1.8.0_91-b15)
# Java VM: Java HotSpot(TM) 64-Bit Server VM (25.91-b15 mixed mode windows-amd64 compressed oops)
Heap:
 PSYoungGen      total 144384K, used 29610K [0x00000000eab00000, 0x00000000f5680000, 0x0000000100000000)
  eden space 127488K, 23% used [0x00000000eab00000,0x00000000ec7ea908,0x00000000f2780000)
  from space 16896K, 0% used [0x00000000f2780000,0x00000000f2780000,0x00000000f3800000)
  to   space 13824K, 0% used [0x00000000f3800000,0x00000000f3800000,0x00000000f4580000)
 ParOldGen       total 97280K, used 31017K [0x00000000c0000000, 0x00000000c5f00000, 0x00000000eab00000)
  object space 97280K, 31% used [0x00000000c0000000,0x00000000c1e4a588,0x00000000c5f00000)
 Metaspace       used 59088K, capacity 60706K, committed 61360K, reserved 1103872K
  class space    used 8212K, capacity 8674K, committed 8880K, reserved 1048576K
GC Heap History (10 events):
Event: 17.112 GC heap before
{Heap before GC invocations=16 (full 3):
 PSYoungGen      total 144384K, used 1344K [0x00000000eab00000, 0x00000000f5680000, 0x0000000100000000)
  eden space 127488K, 0% used [0x00000000eab00000,0x00000000eab00000,0x00000000f2780000)
  from space 16896K, 7% used [0x00000000f2780000,0x00000000f28d0000,0x00000000f3800000)
  to   space 13824K, 0% used [0x00000000f3800000,0x00000000f3800000,0x00000000f4580000)
 ParOldGen       total 97280K, used 44866K [0x00000000c0000000, 0x00000000c5f00000, 0x00000000eab00000)
  object space 97280K, 46% used [0x00000000c0000000,0x00000000c2bd0810,0x00000000c5f00000)
 Metaspace       used 57239K, capacity 58984K, committed 59160K, reserved 1099776K
  class space    used 8001K, capacity 8504K, committed 8624K, reserved 1048576K
Event: 17.501 GC heap after
Heap after GC invocations=16 (full 3):
 PSYoungGen      total 144384K, used 0K [0x00000000eab00000, 0x00000000f5680000, 0x0000000100000000)
  eden space 127488K, 0% used [0x00000000eab00000,0x00000000eab00000,0x00000000f2780000)
  from space 16896K, 0% used [0x00000000f2780000,0x00000000f2780000,0x00000000f3800000)
  to   space 13824K, 0% used [0x00000000f3800000,0x00000000f3800000,0x00000000f4580000)
 ParOldGen       total 97280K, used 36550K [0x00000000c0000000, 0x00000000c5f00000, 0x00000000eab00000)
  object space 97280K, 37% used [0x00000000c0000000,0x00000000c23b19d0,0x00000000c5f00000)
 Metaspace       used 57239K, capacity 58984K, committed 59160K, reserved 1099776K
  class space    used 8001K, capacity 8504K, committed 8624K, reserved 1048576K
}
Event: 17.954 GC heap before
{Heap before GC invocations=17 (full 3):
 PSYoungGen      total 144384K, used 24401K [0x00000000eab00000, 0x00000000f5680000, 0x0000000100000000)
  eden space 127488K, 19% used [0x00000000eab00000,0x00000000ec2d4750,0x00000000f2780000)
  from space 16896K, 0% used [0x00000000f2780000,0x00000000f2780000,0x00000000f3800000)
  to   space 13824K, 0% used [0x00000000f3800000,0x00000000f3800000,0x00000000f4580000)
 ParOldGen       total 97280K, used 36550K [0x00000000c0000000, 0x00000000c5f00000, 0x00000000eab00000)
  object space 97280K, 37% used [0x00000000c0000000,0x00000000c23b19d0,0x00000000c5f00000)
 Metaspace       used 58847K, capacity 60614K, committed 60720K, reserved 1105920K
  class space    used 8241K, capacity 8751K, committed 8752K, reserved 1048576K
Event: 17.958 GC heap after
Heap after GC invocations=17 (full 3):
 PSYoungGen      total 141312K, used 2852K [0x00000000eab00000, 0x00000000f5680000, 0x0000000100000000)
  eden space 127488K, 0% used [0x00000000eab00000,0x00000000eab00000,0x00000000f2780000)
  from space 13824K, 20% used [0x00000000f3800000,0x00000000f3ac9298,0x00000000f4580000)
  to   space 16896K, 0% used [0x00000000f2780000,0x00000000f2780000,0x00000000f3800000)
 ParOldGen       total 97280K, used 36558K [0x00000000c0000000, 0x00000000c5f00000, 0x00000000eab00000)
  object space 97280K, 37% used [0x00000000c0000000,0x00000000c23b39d0,0x00000000c5f00000)
 Metaspace       used 58847K, capacity 60614K, committed 60720K, reserved 1105920K
  class space    used 8241K, capacity 8751K, committed 8752K, reserved 1048576K
}
Event: 17.959 GC heap before
{Heap before GC invocations=18 (full 4):
 PSYoungGen      total 141312K, used 2852K [0x00000000eab00000, 0x00000000f5680000, 0x0000000100000000)
  eden space 127488K, 0% used [0x00000000eab00000,0x00000000eab00000,0x00000000f2780000)
  from space 13824K, 20% used [0x00000000f3800000,0x00000000f3ac9298,0x00000000f4580000)
  to   space 16896K, 0% used [0x00000000f2780000,0x00000000f2780000,0x00000000f3800000)
 ParOldGen       total 97280K, used 36558K [0x00000000c0000000, 0x00000000c5f00000, 0x00000000eab00000)
  object space 97280K, 37% used [0x00000000c0000000,0x00000000c23b39d0,0x00000000c5f00000)
 Metaspace       used 58847K, capacity 60614K, committed 60720K, reserved 1105920K
  class space    used 8241K, capacity 8751K, committed 8752K, reserved 1048576K
Event: 18.059 GC heap after
Heap after GC invocations=18 (full 4):
 PSYoungGen      total 141312K, used 0K [0x00000000eab00000, 0x00000000f5680000, 0x0000000100000000)
  eden space 127488K, 0% used [0x00000000eab00000,0x00000000eab00000,0x00000000f2780000)
  from space 13824K, 0% used [0x00000000f3800000,0x00000000f3800000,0x00000000f4580000)
  to   space 16896K, 0% used [0x00000000f2780000,0x00000000f2780000,0x00000000f3800000)
 ParOldGen       total 97280K, used 38762K [0x00000000c0000000, 0x00000000c5f00000, 0x00000000eab00000)
  object space 97280K, 39% used [0x00000000c0000000,0x00000000c25da850,0x00000000c5f00000)
 Metaspace       used 58847K, capacity 60614K, committed 60720K, reserved 1103872K
  class space    used 8241K, capacity 8751K, committed 8752K, reserved 1048576K
}
Event: 18.059 GC heap before
{Heap before GC invocations=19 (full 4):
 PSYoungGen      total 141312K, used 0K [0x00000000eab00000, 0x00000000f5680000, 0x0000000100000000)
  eden space 127488K, 0% used [0x00000000eab00000,0x00000000eab00000,0x00000000f2780000)
  from space 13824K, 0% used [0x00000000f3800000,0x00000000f3800000,0x00000000f4580000)
  to   space 16896K, 0% used [0x00000000f2780000,0x00000000f2780000,0x00000000f3800000)
 ParOldGen       total 97280K, used 38762K [0x00000000c0000000, 0x00000000c5f00000, 0x00000000eab00000)
  object space 97280K, 39% used [0x00000000c0000000,0x00000000c25da850,0x00000000c5f00000)
 Metaspace       used 58847K, capacity 60614K, committed 60720K, reserved 1107968K
  class space    used 8241K, capacity 8751K, committed 8752K, reserved 1048576K
Event: 18.061 GC heap after
Heap after GC invocations=19 (full 4):
 PSYoungGen      total 144384K, used 0K [0x00000000eab00000, 0x00000000f5680000, 0x0000000100000000)
  eden space 127488K, 0% used [0x00000000eab00000,0x00000000eab00000,0x00000000f2780000)
  from space 16896K, 0% used [0x00000000f2780000,0x00000000f2780000,0x00000000f3800000)
  to   space 13824K, 0% used [0x00000000f3800000,0x00000000f3800000,0x00000000f4580000)
 ParOldGen       total 97280K, used 38762K [0x00000000c0000000, 0x00000000c5f00000, 0x00000000eab00000)
  object space 97280K, 39% used [0x00000000c0000000,0x00000000c25da850,0x00000000c5f00000)
 Metaspace       used 58847K, capacity 60614K, committed 60720K, reserved 1107968K
  class space    used 8241K, capacity 8751K, committed 8752K, reserved 1048576K
}
Event: 18.061 GC heap before
{Heap before GC invocations=20 (full 5):
 PSYoungGen      total 144384K, used 0K [0x00000000eab00000, 0x00000000f5680000, 0x0000000100000000)
  eden space 127488K, 0% used [0x00000000eab00000,0x00000000eab00000,0x00000000f2780000)
  from space 16896K, 0% used [0x00000000f2780000,0x00000000f2780000,0x00000000f3800000)
  to   space 13824K, 0% used [0x00000000f3800000,0x00000000f3800000,0x00000000f4580000)
 ParOldGen       total 97280K, used 38762K [0x00000000c0000000, 0x00000000c5f00000, 0x00000000eab00000)
  object space 97280K, 39% used [0x00000000c0000000,0x00000000c25da850,0x00000000c5f00000)
 Metaspace       used 58847K, capacity 60614K, committed 60720K, reserved 1107968K
  class space    used 8241K, capacity 8751K, committed 8752K, reserved 1048576K
Event: 18.327 GC heap after
Heap after GC invocations=20 (full 5):
 PSYoungGen      total 144384K, used 0K [0x00000000eab00000, 0x00000000f5680000, 0x0000000100000000)
  eden space 127488K, 0% used [0x00000000eab00000,0x00000000eab00000,0x00000000f2780000)
  from space 16896K, 0% used [0x00000000f2780000,0x00000000f2780000,0x00000000f3800000)
  to   space 13824K, 0% used [0x00000000f3800000,0x00000000f3800000,0x00000000f4580000)
 ParOldGen       total 97280K, used 31017K [0x00000000c0000000, 0x00000000c5f00000, 0x00000000eab00000)
  object space 97280K, 31% used [0x00000000c0000000,0x00000000c1e4a588,0x00000000c5f00000)
 Metaspace       used 58570K, capacity 60156K, committed 60720K, reserved 1103872K
  class space    used 8176K, capacity 8641K, committed 8752K, reserved 1048576K
}

