# JRE version: Java(TM) SE Runtime Environment (8.0_91-b15) (build 1.8.0_91-b15)
# Java VM: Java HotSpot(TM) 64-Bit Server VM (25.91-b15 mixed mode windows-amd64 compressed oops)
Heap:
 PSYoungGen      total 56832K, used 23626K [0x00000000eab00000, 0x00000000ef980000, 0x0000000100000000)
  eden space 52736K, 37% used [0x00000000eab00000,0x00000000ebe4b778,0x00000000ede80000)
  from space 4096K, 94% used [0x00000000ef580000,0x00000000ef947290,0x00000000ef980000)
  to   space 10752K, 0% used [0x00000000ee480000,0x00000000ee480000,0x00000000eef00000)
 ParOldGen       total 62464K, used 9156K [0x00000000c0000000, 0x00000000c3d00000, 0x00000000eab00000)
  object space 62464K, 14% used [0x00000000c0000000,0x00000000c08f12d0,0x00000000c3d00000)
 Metaspace       used 25852K, capacity 26210K, committed 26544K, reserved 1073152K
  class space    used 3589K, capacity 3752K, committed 3760K, reserved 1048576K
GC Heap History (10 events):
Event: 4.024 GC heap before
{Heap before GC invocations=3 (full 0):
 PSYoungGen      total 37888K, used 37845K [0x00000000eab00000, 0x00000000ed500000, 0x0000000100000000)
  eden space 32768K, 100% used [0x00000000eab00000,0x00000000ecb00000,0x00000000ecb00000)
  from space 5120K, 99% used [0x00000000ed000000,0x00000000ed4f57e8,0x00000000ed500000)
  to   space 5120K, 0% used [0x00000000ecb00000,0x00000000ecb00000,0x00000000ed000000)
 ParOldGen       total 86016K, used 16K [0x00000000c0000000, 0x00000000c5400000, 0x00000000eab00000)
  object space 86016K, 0% used [0x00000000c0000000,0x00000000c0004000,0x00000000c5400000)
 Metaspace       used 13343K, capacity 13636K, committed 13824K, reserved 1060864K
  class space    used 1916K, capacity 2036K, committed 2048K, reserved 1048576K
Event: 4.032 GC heap after
Heap after GC invocations=3 (full 0):
 PSYoungGen      total 37888K, used 5116K [0x00000000eab00000, 0x00000000ed500000, 0x0000000100000000)
  eden space 32768K, 0% used [0x00000000eab00000,0x00000000eab00000,0x00000000ecb00000)
  from space 5120K, 99% used [0x00000000ecb00000,0x00000000ecfff110,0x00000000ed000000)
  to   space 5120K, 0% used [0x00000000ed000000,0x00000000ed000000,0x00000000ed500000)
 ParOldGen       total 86016K, used 2089K [0x00000000c0000000, 0x00000000c5400000, 0x00000000eab00000)
  object space 86016K, 2% used [0x00000000c0000000,0x00000000c020a6e0,0x00000000c5400000)
 Metaspace       used 13343K, capacity 13636K, committed 13824K, reserved 1060864K
  class space    used 1916K, capacity 2036K, committed 2048K, reserved 1048576K
}
Event: 4.826 GC heap before
{Heap before GC invocations=4 (full 0):
 PSYoungGen      total 37888K, used 37884K [0x00000000eab00000, 0x00000000ed500000, 0x0000000100000000)
  eden space 32768K, 100% used [0x00000000eab00000,0x00000000ecb00000,0x00000000ecb00000)
  from space 5120K, 99% used [0x00000000ecb00000,0x00000000ecfff110,0x00000000ed000000)
  to   space 5120K, 0% used [0x00000000ed000000,0x00000000ed000000,0x00000000ed500000)
 ParOldGen       total 86016K, used 2089K [0x00000000c0000000, 0x00000000c5400000, 0x00000000eab00000)
  object space 86016K, 2% used [0x00000000c0000000,0x00000000c020a6e0,0x00000000c5400000)
 Metaspace       used 16308K, capacity 16628K, committed 17024K, reserved 1062912K
  class space    used 2408K, capacity 2590K, committed 2688K, reserved 1048576K
Event: 4.842 GC heap after
Heap after GC invocations=4 (full 0):
 PSYoungGen      total 37888K, used 5096K [0x00000000eab00000, 0x00000000ed500000, 0x0000000100000000)
  eden space 32768K, 0% used [0x00000000eab00000,0x00000000eab00000,0x00000000ecb00000)
  from space 5120K, 99% used [0x00000000ed000000,0x00000000ed4fa040,0x00000000ed500000)
  to   space 5120K, 0% used [0x00000000ecb00000,0x00000000ecb00000,0x00000000ed000000)
 ParOldGen       total 86016K, used 5249K [0x00000000c0000000, 0x00000000c5400000, 0x00000000eab00000)
  object space 86016K, 6% used [0x00000000c0000000,0x00000000c05204f0,0x00000000c5400000)
 Metaspace       used 16308K, capacity 16628K, committed 17024K, reserved 1062912K
  class space    used 2408K, capacity 2590K, committed 2688K, reserved 1048576K
}
Event: 5.351 GC heap before
{Heap before GC invocations=5 (full 0):
 PSYoungGen      total 37888K, used 30455K [0x00000000eab00000, 0x00000000ed500000, 0x0000000100000000)
  eden space 32768K, 77% used [0x00000000eab00000,0x00000000ec3c3da8,0x00000000ecb00000)
  from space 5120K, 99% used [0x00000000ed000000,0x00000000ed4fa040,0x00000000ed500000)
  to   space 5120K, 0% used [0x00000000ecb00000,0x00000000ecb00000,0x00000000ed000000)
 ParOldGen       total 86016K, used 5249K [0x00000000c0000000, 0x00000000c5400000, 0x00000000eab00000)
  object space 86016K, 6% used [0x00000000c0000000,0x00000000c05204f0,0x00000000c5400000)
 Metaspace       used 20842K, capacity 21178K, committed 21296K, reserved 1067008K
  class space    used 2976K, capacity 3103K, committed 3120K, reserved 1048576K
Event: 5.360 GC heap after
Heap after GC invocations=5 (full 0):
 PSYoungGen      total 37888K, used 5100K [0x00000000eab00000, 0x00000000f0000000, 0x0000000100000000)
  eden space 32768K, 0% used [0x00000000eab00000,0x00000000eab00000,0x00000000ecb00000)
  from space 5120K, 99% used [0x00000000ecb00000,0x00000000ecffb050,0x00000000ed000000)
  to   space 10752K, 0% used [0x00000000ef580000,0x00000000ef580000,0x00000000f0000000)
 ParOldGen       total 86016K, used 9035K [0x00000000c0000000, 0x00000000c5400000, 0x00000000eab00000)
  object space 86016K, 10% used [0x00000000c0000000,0x00000000c08d2c78,0x00000000c5400000)
 Metaspace       used 20842K, capacity 21178K, committed 21296K, reserved 1067008K
  class space    used 2976K, capacity 3103K, committed 3120K, reserved 1048576K
}
Event: 5.360 GC heap before
{Heap before GC invocations=6 (full 1):
 PSYoungGen      total 37888K, used 5100K [0x00000000eab00000, 0x00000000f0000000, 0x0000000100000000)
  eden space 32768K, 0% used [0x00000000eab00000,0x00000000eab00000,0x00000000ecb00000)
  from space 5120K, 99% used [0x00000000ecb00000,0x00000000ecffb050,0x00000000ed000000)
  to   space 10752K, 0% used [0x00000000ef580000,0x00000000ef580000,0x00000000f0000000)
 ParOldGen       total 86016K, used 9035K [0x00000000c0000000, 0x00000000c5400000, 0x00000000eab00000)
  object space 86016K, 10% used [0x00000000c0000000,0x00000000c08d2c78,0x00000000c5400000)
 Metaspace       used 20842K, capacity 21178K, committed 21296K, reserved 1067008K
  class space    used 2976K, capacity 3103K, committed 3120K, reserved 1048576K
Event: 5.410 GC heap after
Heap after GC invocations=6 (full 1):
 PSYoungGen      total 37888K, used 0K [0x00000000eab00000, 0x00000000f0000000, 0x0000000100000000)
  eden space 32768K, 0% used [0x00000000eab00000,0x00000000eab00000,0x00000000ecb00000)
  from space 5120K, 0% used [0x00000000ecb00000,0x00000000ecb00000,0x00000000ed000000)
  to   space 10752K, 0% used [0x00000000ef580000,0x00000000ef580000,0x00000000f0000000)
 ParOldGen       total 62464K, used 9148K [0x00000000c0000000, 0x00000000c3d00000, 0x00000000eab00000)
  object space 62464K, 14% used [0x00000000c0000000,0x00000000c08ef2d0,0x00000000c3d00000)
 Metaspace       used 20842K, capacity 21178K, committed 21296K, reserved 1067008K
  class space    used 2976K, capacity 3103K, committed 3120K, reserved 1048576K
}
Event: 6.051 GC heap before
{Heap before GC invocations=7 (full 1):
 PSYoungGen      total 37888K, used 32768K [0x00000000eab00000, 0x00000000f0000000, 0x0000000100000000)
  eden space 32768K, 100% used [0x00000000eab00000,0x00000000ecb00000,0x00000000ecb00000)
  from space 5120K, 0% used [0x00000000ecb00000,0x00000000ecb00000,0x00000000ed000000)
  to   space 10752K, 0% used [0x00000000ef580000,0x00000000ef580000,0x00000000f0000000)
 ParOldGen       total 62464K, used 9148K [0x00000000c0000000, 0x00000000c3d00000, 0x00000000eab00000)
  object space 62464K, 14% used [0x00000000c0000000,0x00000000c08ef2d0,0x00000000c3d00000)
 Metaspace       used 23961K, capacity 24336K, committed 24496K, reserved 1071104K
  class space    used 3358K, capacity 3491K, committed 3504K, reserved 1048576K
Event: 6.066 GC heap after
Heap after GC invocations=7 (full 1):
 PSYoungGen      total 56832K, used 3868K [0x00000000eab00000, 0x00000000ef980000, 0x0000000100000000)
  eden space 52736K, 0% used [0x00000000eab00000,0x00000000eab00000,0x00000000ede80000)
  from space 4096K, 94% used [0x00000000ef580000,0x00000000ef947290,0x00000000ef980000)
  to   space 10752K, 0% used [0x00000000ee480000,0x00000000ee480000,0x00000000eef00000)
 ParOldGen       total 62464K, used 9156K [0x00000000c0000000, 0x00000000c3d00000, 0x00000000eab00000)
  object space 62464K, 14% used [0x00000000c0000000,0x00000000c08f12d0,0x00000000c3d00000)
 Metaspace       used 23961K, capacity 24336K, committed 24496K, reserved 1071104K
  class space    used 3358K, capacity 3491K, committed 3504K, reserved 1048576K
}

