# JRE version: Java(TM) SE Runtime Environment (8.0_91-b15) (build 1.8.0_91-b15)
# Java VM: Java HotSpot(TM) 64-Bit Server VM (25.91-b15 mixed mode windows-amd64 compressed oops)
Heap:
 PSYoungGen      total 112128K, used 39870K [0x00000000eab00000, 0x00000000f3c80000, 0x0000000100000000)
  eden space 98816K, 26% used [0x00000000eab00000,0x00000000ec4f6328,0x00000000f0b80000)
  from space 13312K, 99% used [0x00000000f0b80000,0x00000000f1879570,0x00000000f1880000)
  to   space 15360K, 0% used [0x00000000f2d80000,0x00000000f2d80000,0x00000000f3c80000)
 ParOldGen       total 96768K, used 18587K [0x00000000c0000000, 0x00000000c5e80000, 0x00000000eab00000)
  object space 96768K, 19% used [0x00000000c0000000,0x00000000c1226c40,0x00000000c5e80000)
 Metaspace       used 50769K, capacity 51884K, committed 52272K, reserved 1095680K
  class space    used 7029K, capacity 7356K, committed 7472K, reserved 1048576K
GC Heap History (10 events):
Event: 6.808 GC heap before
{Heap before GC invocations=9 (full 1):
 PSYoungGen      total 69632K, used 65632K [0x00000000eab00000, 0x00000000f0980000, 0x0000000100000000)
  eden space 58880K, 100% used [0x00000000eab00000,0x00000000ee480000,0x00000000ee480000)
  from space 10752K, 62% used [0x00000000ee480000,0x00000000eeb18138,0x00000000eef00000)
  to   space 10240K, 0% used [0x00000000eff80000,0x00000000eff80000,0x00000000f0980000)
 ParOldGen       total 62464K, used 9127K [0x00000000c0000000, 0x00000000c3d00000, 0x00000000eab00000)
  object space 62464K, 14% used [0x00000000c0000000,0x00000000c08e9dc0,0x00000000c3d00000)
 Metaspace       used 30409K, capacity 30844K, committed 31152K, reserved 1075200K
  class space    used 4326K, capacity 4507K, committed 4528K, reserved 1048576K
Event: 6.828 GC heap after
Heap after GC invocations=9 (full 1):
 PSYoungGen      total 85504K, used 8965K [0x00000000eab00000, 0x00000000f1980000, 0x0000000100000000)
  eden space 75264K, 0% used [0x00000000eab00000,0x00000000eab00000,0x00000000ef480000)
  from space 10240K, 87% used [0x00000000eff80000,0x00000000f0841418,0x00000000f0980000)
  to   space 11264K, 0% used [0x00000000ef480000,0x00000000ef480000,0x00000000eff80000)
 ParOldGen       total 62464K, used 9127K [0x00000000c0000000, 0x00000000c3d00000, 0x00000000eab00000)
  object space 62464K, 14% used [0x00000000c0000000,0x00000000c08e9dc0,0x00000000c3d00000)
 Metaspace       used 30409K, capacity 30844K, committed 31152K, reserved 1075200K
  class space    used 4326K, capacity 4507K, committed 4528K, reserved 1048576K
}
Event: 7.513 GC heap before
{Heap before GC invocations=10 (full 1):
 PSYoungGen      total 85504K, used 39089K [0x00000000eab00000, 0x00000000f1980000, 0x0000000100000000)
  eden space 75264K, 40% used [0x00000000eab00000,0x00000000ec86b0b8,0x00000000ef480000)
  from space 10240K, 87% used [0x00000000eff80000,0x00000000f0841418,0x00000000f0980000)
  to   space 11264K, 0% used [0x00000000ef480000,0x00000000ef480000,0x00000000eff80000)
 ParOldGen       total 62464K, used 9127K [0x00000000c0000000, 0x00000000c3d00000, 0x00000000eab00000)
  object space 62464K, 14% used [0x00000000c0000000,0x00000000c08e9dc0,0x00000000c3d00000)
 Metaspace       used 34704K, capacity 35274K, committed 35496K, reserved 1079296K
  class space    used 4880K, capacity 5109K, committed 5168K, reserved 1048576K
Event: 7.533 GC heap after
Heap after GC invocations=10 (full 1):
 PSYoungGen      total 86528K, used 9673K [0x00000000eab00000, 0x00000000f2580000, 0x0000000100000000)
  eden space 75264K, 0% used [0x00000000eab00000,0x00000000eab00000,0x00000000ef480000)
  from space 11264K, 85% used [0x00000000ef480000,0x00000000efdf2688,0x00000000eff80000)
  to   space 11776K, 0% used [0x00000000f1a00000,0x00000000f1a00000,0x00000000f2580000)
 ParOldGen       total 62464K, used 9135K [0x00000000c0000000, 0x00000000c3d00000, 0x00000000eab00000)
  object space 62464K, 14% used [0x00000000c0000000,0x00000000c08ebdc0,0x00000000c3d00000)
 Metaspace       used 34704K, capacity 35274K, committed 35496K, reserved 1079296K
  class space    used 4880K, capacity 5109K, committed 5168K, reserved 1048576K
}
Event: 7.533 GC heap before
{Heap before GC invocations=11 (full 2):
 PSYoungGen      total 86528K, used 9673K [0x00000000eab00000, 0x00000000f2580000, 0x0000000100000000)
  eden space 75264K, 0% used [0x00000000eab00000,0x00000000eab00000,0x00000000ef480000)
  from space 11264K, 85% used [0x00000000ef480000,0x00000000efdf2688,0x00000000eff80000)
  to   space 11776K, 0% used [0x00000000f1a00000,0x00000000f1a00000,0x00000000f2580000)
 ParOldGen       total 62464K, used 9135K [0x00000000c0000000, 0x00000000c3d00000, 0x00000000eab00000)
  object space 62464K, 14% used [0x00000000c0000000,0x00000000c08ebdc0,0x00000000c3d00000)
 Metaspace       used 34704K, capacity 35274K, committed 35496K, reserved 1079296K
  class space    used 4880K, capacity 5109K, committed 5168K, reserved 1048576K
Event: 7.647 GC heap after
Heap after GC invocations=11 (full 2):
 PSYoungGen      total 86528K, used 0K [0x00000000eab00000, 0x00000000f2580000, 0x0000000100000000)
  eden space 75264K, 0% used [0x00000000eab00000,0x00000000eab00000,0x00000000ef480000)
  from space 11264K, 0% used [0x00000000ef480000,0x00000000ef480000,0x00000000eff80000)
  to   space 11776K, 0% used [0x00000000f1a00000,0x00000000f1a00000,0x00000000f2580000)
 ParOldGen       total 96768K, used 16483K [0x00000000c0000000, 0x00000000c5e80000, 0x00000000eab00000)
  object space 96768K, 17% used [0x00000000c0000000,0x00000000c1018db0,0x00000000c5e80000)
 Metaspace       used 34704K, capacity 35274K, committed 35496K, reserved 1079296K
  class space    used 4880K, capacity 5109K, committed 5168K, reserved 1048576K
}
Event: 9.000 GC heap before
{Heap before GC invocations=12 (full 2):
 PSYoungGen      total 86528K, used 75264K [0x00000000eab00000, 0x00000000f2580000, 0x0000000100000000)
  eden space 75264K, 100% used [0x00000000eab00000,0x00000000ef480000,0x00000000ef480000)
  from space 11264K, 0% used [0x00000000ef480000,0x00000000ef480000,0x00000000eff80000)
  to   space 11776K, 0% used [0x00000000f1a00000,0x00000000f1a00000,0x00000000f2580000)
 ParOldGen       total 96768K, used 16483K [0x00000000c0000000, 0x00000000c5e80000, 0x00000000eab00000)
  object space 96768K, 17% used [0x00000000c0000000,0x00000000c1018db0,0x00000000c5e80000)
 Metaspace       used 41321K, capacity 41972K, committed 42416K, reserved 1085440K
  class space    used 5720K, capacity 5941K, committed 6064K, reserved 1048576K
Event: 9.016 GC heap after
Heap after GC invocations=12 (full 2):
 PSYoungGen      total 105984K, used 11753K [0x00000000eab00000, 0x00000000f2580000, 0x0000000100000000)
  eden space 94208K, 0% used [0x00000000eab00000,0x00000000eab00000,0x00000000f0700000)
  from space 11776K, 99% used [0x00000000f1a00000,0x00000000f257a570,0x00000000f2580000)
  to   space 13312K, 0% used [0x00000000f0b80000,0x00000000f0b80000,0x00000000f1880000)
 ParOldGen       total 96768K, used 16854K [0x00000000c0000000, 0x00000000c5e80000, 0x00000000eab00000)
  object space 96768K, 17% used [0x00000000c0000000,0x00000000c1075be8,0x00000000c5e80000)
 Metaspace       used 41321K, capacity 41972K, committed 42416K, reserved 1085440K
  class space    used 5720K, capacity 5941K, committed 6064K, reserved 1048576K
}
Event: 10.302 GC heap before
{Heap before GC invocations=13 (full 2):
 PSYoungGen      total 105984K, used 105961K [0x00000000eab00000, 0x00000000f2580000, 0x0000000100000000)
  eden space 94208K, 100% used [0x00000000eab00000,0x00000000f0700000,0x00000000f0700000)
  from space 11776K, 99% used [0x00000000f1a00000,0x00000000f257a570,0x00000000f2580000)
  to   space 13312K, 0% used [0x00000000f0b80000,0x00000000f0b80000,0x00000000f1880000)
 ParOldGen       total 96768K, used 16854K [0x00000000c0000000, 0x00000000c5e80000, 0x00000000eab00000)
  object space 96768K, 17% used [0x00000000c0000000,0x00000000c1075be8,0x00000000c5e80000)
 Metaspace       used 47736K, capacity 48546K, committed 48944K, reserved 1091584K
  class space    used 6609K, capacity 6885K, committed 6960K, reserved 1048576K
Event: 10.329 GC heap after
Heap after GC invocations=13 (full 2):
 PSYoungGen      total 112128K, used 13285K [0x00000000eab00000, 0x00000000f3c80000, 0x0000000100000000)
  eden space 98816K, 0% used [0x00000000eab00000,0x00000000eab00000,0x00000000f0b80000)
  from space 13312K, 99% used [0x00000000f0b80000,0x00000000f1879570,0x00000000f1880000)
  to   space 15360K, 0% used [0x00000000f2d80000,0x00000000f2d80000,0x00000000f3c80000)
 ParOldGen       total 96768K, used 18587K [0x00000000c0000000, 0x00000000c5e80000, 0x00000000eab00000)
  object space 96768K, 19% used [0x00000000c0000000,0x00000000c1226c40,0x00000000c5e80000)
 Metaspace       used 47736K, capacity 48546K, committed 48944K, reserved 1091584K
  class space    used 6609K, capacity 6885K, committed 6960K, reserved 1048576K
}

