# JRE version: Java(TM) SE Runtime Environment (8.0_91-b15) (build 1.8.0_91-b15)
# Java VM: Java HotSpot(TM) 64-Bit Server VM (25.91-b15 mixed mode windows-amd64 compressed oops)
Heap:
 PSYoungGen      total 183808K, used 62393K [0x00000000eab00000, 0x00000000f8880000, 0x0000000100000000)
  eden space 162304K, 25% used [0x00000000eab00000,0x00000000ed355d20,0x00000000f4980000)
  from space 21504K, 98% used [0x00000000f4e80000,0x00000000f6318a00,0x00000000f6380000)
  to   space 32256K, 0% used [0x00000000f6900000,0x00000000f6900000,0x00000000f8880000)
 ParOldGen       total 146944K, used 40128K [0x00000000c0000000, 0x00000000c8f80000, 0x00000000eab00000)
  object space 146944K, 27% used [0x00000000c0000000,0x00000000c27300d8,0x00000000c8f80000)
 Metaspace       used 71384K, capacity 75170K, committed 75416K, reserved 1114112K
  class space    used 9354K, capacity 10129K, committed 10160K, reserved 1048576K
GC Heap History (10 events):
Event: 13247.548 GC heap before
{Heap before GC invocations=24 (full 3):
 PSYoungGen      total 218624K, used 213147K [0x00000000eab00000, 0x00000000fa180000, 0x0000000100000000)
  eden space 189952K, 100% used [0x00000000eab00000,0x00000000f6480000,0x00000000f6480000)
  from space 28672K, 80% used [0x00000000f8580000,0x00000000f9c26e08,0x00000000fa180000)
  to   space 31232K, 0% used [0x00000000f6480000,0x00000000f6480000,0x00000000f8300000)
 ParOldGen       total 146944K, used 40088K [0x00000000c0000000, 0x00000000c8f80000, 0x00000000eab00000)
  object space 146944K, 27% used [0x00000000c0000000,0x00000000c27260d8,0x00000000c8f80000)
 Metaspace       used 70602K, capacity 74296K, committed 74392K, reserved 1114112K
  class space    used 9324K, capacity 10088K, committed 10160K, reserved 1048576K
Event: 13247.580 GC heap after
Heap after GC invocations=24 (full 3):
 PSYoungGen      total 206848K, used 22758K [0x00000000eab00000, 0x00000000f9e80000, 0x0000000100000000)
  eden space 183808K, 0% used [0x00000000eab00000,0x00000000eab00000,0x00000000f5e80000)
  from space 23040K, 98% used [0x00000000f6480000,0x00000000f7ab9a40,0x00000000f7b00000)
  to   space 32768K, 0% used [0x00000000f7e80000,0x00000000f7e80000,0x00000000f9e80000)
 ParOldGen       total 146944K, used 40096K [0x00000000c0000000, 0x00000000c8f80000, 0x00000000eab00000)
  object space 146944K, 27% used [0x00000000c0000000,0x00000000c27280d8,0x00000000c8f80000)
 Metaspace       used 70602K, capacity 74296K, committed 74392K, reserved 1114112K
  class space    used 9324K, capacity 10088K, committed 10160K, reserved 1048576K
}
Event: 17807.996 GC heap before
{Heap before GC invocations=25 (full 3):
 PSYoungGen      total 206848K, used 206566K [0x00000000eab00000, 0x00000000f9e80000, 0x0000000100000000)
  eden space 183808K, 100% used [0x00000000eab00000,0x00000000f5e80000,0x00000000f5e80000)
  from space 23040K, 98% used [0x00000000f6480000,0x00000000f7ab9a40,0x00000000f7b00000)
  to   space 32768K, 0% used [0x00000000f7e80000,0x00000000f7e80000,0x00000000f9e80000)
 ParOldGen       total 146944K, used 40096K [0x00000000c0000000, 0x00000000c8f80000, 0x00000000eab00000)
  object space 146944K, 27% used [0x00000000c0000000,0x00000000c27280d8,0x00000000c8f80000)
 Metaspace       used 70802K, capacity 74454K, committed 74648K, reserved 1114112K
  class space    used 9334K, capacity 10103K, committed 10160K, reserved 1048576K
Event: 17808.280 GC heap after
Heap after GC invocations=25 (full 3):
 PSYoungGen      total 203264K, used 17780K [0x00000000eab00000, 0x00000000f9700000, 0x0000000100000000)
  eden space 178176K, 0% used [0x00000000eab00000,0x00000000eab00000,0x00000000f5900000)
  from space 25088K, 70% used [0x00000000f7e80000,0x00000000f8fdd0d8,0x00000000f9700000)
  to   space 31744K, 0% used [0x00000000f5900000,0x00000000f5900000,0x00000000f7800000)
 ParOldGen       total 146944K, used 40104K [0x00000000c0000000, 0x00000000c8f80000, 0x00000000eab00000)
  object space 146944K, 27% used [0x00000000c0000000,0x00000000c272a0d8,0x00000000c8f80000)
 Metaspace       used 70802K, capacity 74454K, committed 74648K, reserved 1114112K
  class space    used 9334K, capacity 10103K, committed 10160K, reserved 1048576K
}
Event: 22543.842 GC heap before
{Heap before GC invocations=26 (full 3):
 PSYoungGen      total 203264K, used 195956K [0x00000000eab00000, 0x00000000f9700000, 0x0000000100000000)
  eden space 178176K, 100% used [0x00000000eab00000,0x00000000f5900000,0x00000000f5900000)
  from space 25088K, 70% used [0x00000000f7e80000,0x00000000f8fdd0d8,0x00000000f9700000)
  to   space 31744K, 0% used [0x00000000f5900000,0x00000000f5900000,0x00000000f7800000)
 ParOldGen       total 146944K, used 40104K [0x00000000c0000000, 0x00000000c8f80000, 0x00000000eab00000)
  object space 146944K, 27% used [0x00000000c0000000,0x00000000c272a0d8,0x00000000c8f80000)
 Metaspace       used 70982K, capacity 74670K, committed 74904K, reserved 1114112K
  class space    used 9336K, capacity 10103K, committed 10160K, reserved 1048576K
Event: 22544.142 GC heap after
Heap after GC invocations=26 (full 3):
 PSYoungGen      total 194048K, used 21240K [0x00000000eab00000, 0x00000000f9180000, 0x0000000100000000)
  eden space 172544K, 0% used [0x00000000eab00000,0x00000000eab00000,0x00000000f5380000)
  from space 21504K, 98% used [0x00000000f5900000,0x00000000f6dbe0d8,0x00000000f6e00000)
  to   space 31744K, 0% used [0x00000000f7280000,0x00000000f7280000,0x00000000f9180000)
 ParOldGen       total 146944K, used 40112K [0x00000000c0000000, 0x00000000c8f80000, 0x00000000eab00000)
  object space 146944K, 27% used [0x00000000c0000000,0x00000000c272c0d8,0x00000000c8f80000)
 Metaspace       used 70982K, capacity 74670K, committed 74904K, reserved 1114112K
  class space    used 9336K, capacity 10103K, committed 10160K, reserved 1048576K
}
Event: 27162.514 GC heap before
{Heap before GC invocations=27 (full 3):
 PSYoungGen      total 194048K, used 193784K [0x00000000eab00000, 0x00000000f9180000, 0x0000000100000000)
  eden space 172544K, 100% used [0x00000000eab00000,0x00000000f5380000,0x00000000f5380000)
  from space 21504K, 98% used [0x00000000f5900000,0x00000000f6dbe0d8,0x00000000f6e00000)
  to   space 31744K, 0% used [0x00000000f7280000,0x00000000f7280000,0x00000000f9180000)
 ParOldGen       total 146944K, used 40112K [0x00000000c0000000, 0x00000000c8f80000, 0x00000000eab00000)
  object space 146944K, 27% used [0x00000000c0000000,0x00000000c272c0d8,0x00000000c8f80000)
 Metaspace       used 71103K, capacity 74866K, committed 75160K, reserved 1114112K
  class space    used 9339K, capacity 10103K, committed 10160K, reserved 1048576K
Event: 27162.765 GC heap after
Heap after GC invocations=27 (full 3):
 PSYoungGen      total 195072K, used 22132K [0x00000000eab00000, 0x00000000f8d80000, 0x0000000100000000)
  eden space 167424K, 0% used [0x00000000eab00000,0x00000000eab00000,0x00000000f4e80000)
  from space 27648K, 80% used [0x00000000f7280000,0x00000000f881d0f8,0x00000000f8d80000)
  to   space 32256K, 0% used [0x00000000f4e80000,0x00000000f4e80000,0x00000000f6e00000)
 ParOldGen       total 146944K, used 40120K [0x00000000c0000000, 0x00000000c8f80000, 0x00000000eab00000)
  object space 146944K, 27% used [0x00000000c0000000,0x00000000c272e0d8,0x00000000c8f80000)
 Metaspace       used 71103K, capacity 74866K, committed 75160K, reserved 1114112K
  class space    used 9339K, capacity 10103K, committed 10160K, reserved 1048576K
}
Event: 27466.731 GC heap before
{Heap before GC invocations=28 (full 3):
 PSYoungGen      total 195072K, used 189556K [0x00000000eab00000, 0x00000000f8d80000, 0x0000000100000000)
  eden space 167424K, 100% used [0x00000000eab00000,0x00000000f4e80000,0x00000000f4e80000)
  from space 27648K, 80% used [0x00000000f7280000,0x00000000f881d0f8,0x00000000f8d80000)
  to   space 32256K, 0% used [0x00000000f4e80000,0x00000000f4e80000,0x00000000f6e00000)
 ParOldGen       total 146944K, used 40120K [0x00000000c0000000, 0x00000000c8f80000, 0x00000000eab00000)
  object space 146944K, 27% used [0x00000000c0000000,0x00000000c272e0d8,0x00000000c8f80000)
 Metaspace       used 71346K, capacity 75134K, committed 75416K, reserved 1114112K
  class space    used 9351K, capacity 10123K, committed 10160K, reserved 1048576K
Event: 27466.788 GC heap after
Heap after GC invocations=28 (full 3):
 PSYoungGen      total 183808K, used 21090K [0x00000000eab00000, 0x00000000f8880000, 0x0000000100000000)
  eden space 162304K, 0% used [0x00000000eab00000,0x00000000eab00000,0x00000000f4980000)
  from space 21504K, 98% used [0x00000000f4e80000,0x00000000f6318a00,0x00000000f6380000)
  to   space 32256K, 0% used [0x00000000f6900000,0x00000000f6900000,0x00000000f8880000)
 ParOldGen       total 146944K, used 40128K [0x00000000c0000000, 0x00000000c8f80000, 0x00000000eab00000)
  object space 146944K, 27% used [0x00000000c0000000,0x00000000c27300d8,0x00000000c8f80000)
 Metaspace       used 71346K, capacity 75134K, committed 75416K, reserved 1114112K
  class space    used 9351K, capacity 10123K, committed 10160K, reserved 1048576K
}

