# JRE version: Java(TM) SE Runtime Environment (8.0_91-b15) (build 1.8.0_91-b15)
# Java VM: Java HotSpot(TM) 64-Bit Server VM (25.91-b15 mixed mode windows-amd64 compressed oops)
Heap:
 PSYoungGen      total 110080K, used 28004K [0x00000000eab00000, 0x00000000f2b80000, 0x0000000100000000)
  eden space 98816K, 16% used [0x00000000eab00000,0x00000000ebb60f58,0x00000000f0b80000)
  from space 11264K, 99% used [0x00000000f2080000,0x00000000f2b78470,0x00000000f2b80000)
  to   space 12800K, 0% used [0x00000000f1280000,0x00000000f1280000,0x00000000f1f00000)
 ParOldGen       total 96768K, used 17665K [0x00000000c0000000, 0x00000000c5e80000, 0x00000000eab00000)
  object space 96768K, 18% used [0x00000000c0000000,0x00000000c11404b0,0x00000000c5e80000)
 Metaspace       used 41805K, capacity 42530K, committed 42928K, reserved 1085440K
  class space    used 5797K, capacity 6043K, committed 6064K, reserved 1048576K
GC Heap History (10 events):
Event: 8.571 GC heap before
{Heap before GC invocations=8 (full 1):
 PSYoungGen      total 54784K, used 54495K [0x00000000eab00000, 0x00000000ef980000, 0x0000000100000000)
  eden space 50688K, 100% used [0x00000000eab00000,0x00000000edc80000,0x00000000edc80000)
  from space 4096K, 92% used [0x00000000ef580000,0x00000000ef937e60,0x00000000ef980000)
  to   space 10752K, 0% used [0x00000000ee480000,0x00000000ee480000,0x00000000eef00000)
 ParOldGen       total 62976K, used 9137K [0x00000000c0000000, 0x00000000c3d80000, 0x00000000eab00000)
  object space 62976K, 14% used [0x00000000c0000000,0x00000000c08ec400,0x00000000c3d80000)
 Metaspace       used 27365K, capacity 27866K, committed 28208K, reserved 1073152K
  class space    used 3845K, capacity 4048K, committed 4144K, reserved 1048576K
Event: 8.588 GC heap after
Heap after GC invocations=8 (full 1):
 PSYoungGen      total 69632K, used 6827K [0x00000000eab00000, 0x00000000f0d80000, 0x0000000100000000)
  eden space 58880K, 0% used [0x00000000eab00000,0x00000000eab00000,0x00000000ee480000)
  from space 10752K, 63% used [0x00000000ee480000,0x00000000eeb2af68,0x00000000eef00000)
  to   space 10752K, 0% used [0x00000000f0300000,0x00000000f0300000,0x00000000f0d80000)
 ParOldGen       total 62976K, used 9145K [0x00000000c0000000, 0x00000000c3d80000, 0x00000000eab00000)
  object space 62976K, 14% used [0x00000000c0000000,0x00000000c08ee400,0x00000000c3d80000)
 Metaspace       used 27365K, capacity 27866K, committed 28208K, reserved 1073152K
  class space    used 3845K, capacity 4048K, committed 4144K, reserved 1048576K
}
Event: 10.008 GC heap before
{Heap before GC invocations=9 (full 1):
 PSYoungGen      total 69632K, used 65707K [0x00000000eab00000, 0x00000000f0d80000, 0x0000000100000000)
  eden space 58880K, 100% used [0x00000000eab00000,0x00000000ee480000,0x00000000ee480000)
  from space 10752K, 63% used [0x00000000ee480000,0x00000000eeb2af68,0x00000000eef00000)
  to   space 10752K, 0% used [0x00000000f0300000,0x00000000f0300000,0x00000000f0d80000)
 ParOldGen       total 62976K, used 9145K [0x00000000c0000000, 0x00000000c3d80000, 0x00000000eab00000)
  object space 62976K, 14% used [0x00000000c0000000,0x00000000c08ee400,0x00000000c3d80000)
 Metaspace       used 30432K, capacity 30908K, committed 31152K, reserved 1075200K
  class space    used 4325K, capacity 4507K, committed 4528K, reserved 1048576K
Event: 10.034 GC heap after
Heap after GC invocations=9 (full 1):
 PSYoungGen      total 89600K, used 9058K [0x00000000eab00000, 0x00000000f1c00000, 0x0000000100000000)
  eden space 78848K, 0% used [0x00000000eab00000,0x00000000eab00000,0x00000000ef800000)
  from space 10752K, 84% used [0x00000000f0300000,0x00000000f0bd8a48,0x00000000f0d80000)
  to   space 11264K, 0% used [0x00000000ef800000,0x00000000ef800000,0x00000000f0300000)
 ParOldGen       total 62976K, used 9153K [0x00000000c0000000, 0x00000000c3d80000, 0x00000000eab00000)
  object space 62976K, 14% used [0x00000000c0000000,0x00000000c08f0400,0x00000000c3d80000)
 Metaspace       used 30432K, capacity 30908K, committed 31152K, reserved 1075200K
  class space    used 4325K, capacity 4507K, committed 4528K, reserved 1048576K
}
Event: 11.114 GC heap before
{Heap before GC invocations=10 (full 1):
 PSYoungGen      total 89600K, used 39410K [0x00000000eab00000, 0x00000000f1c00000, 0x0000000100000000)
  eden space 78848K, 38% used [0x00000000eab00000,0x00000000ec8a4168,0x00000000ef800000)
  from space 10752K, 84% used [0x00000000f0300000,0x00000000f0bd8a48,0x00000000f0d80000)
  to   space 11264K, 0% used [0x00000000ef800000,0x00000000ef800000,0x00000000f0300000)
 ParOldGen       total 62976K, used 9153K [0x00000000c0000000, 0x00000000c3d80000, 0x00000000eab00000)
  object space 62976K, 14% used [0x00000000c0000000,0x00000000c08f0400,0x00000000c3d80000)
 Metaspace       used 34728K, capacity 35274K, committed 35496K, reserved 1079296K
  class space    used 4880K, capacity 5109K, committed 5168K, reserved 1048576K
Event: 11.149 GC heap after
Heap after GC invocations=10 (full 1):
 PSYoungGen      total 90112K, used 7979K [0x00000000eab00000, 0x00000000f2b80000, 0x0000000100000000)
  eden space 78848K, 0% used [0x00000000eab00000,0x00000000eab00000,0x00000000ef800000)
  from space 11264K, 70% used [0x00000000ef800000,0x00000000effcac10,0x00000000f0300000)
  to   space 11264K, 0% used [0x00000000f2080000,0x00000000f2080000,0x00000000f2b80000)
 ParOldGen       total 62976K, used 10877K [0x00000000c0000000, 0x00000000c3d80000, 0x00000000eab00000)
  object space 62976K, 17% used [0x00000000c0000000,0x00000000c0a9f470,0x00000000c3d80000)
 Metaspace       used 34728K, capacity 35274K, committed 35496K, reserved 1079296K
  class space    used 4880K, capacity 5109K, committed 5168K, reserved 1048576K
}
Event: 11.149 GC heap before
{Heap before GC invocations=11 (full 2):
 PSYoungGen      total 90112K, used 7979K [0x00000000eab00000, 0x00000000f2b80000, 0x0000000100000000)
  eden space 78848K, 0% used [0x00000000eab00000,0x00000000eab00000,0x00000000ef800000)
  from space 11264K, 70% used [0x00000000ef800000,0x00000000effcac10,0x00000000f0300000)
  to   space 11264K, 0% used [0x00000000f2080000,0x00000000f2080000,0x00000000f2b80000)
 ParOldGen       total 62976K, used 10877K [0x00000000c0000000, 0x00000000c3d80000, 0x00000000eab00000)
  object space 62976K, 17% used [0x00000000c0000000,0x00000000c0a9f470,0x00000000c3d80000)
 Metaspace       used 34728K, capacity 35274K, committed 35496K, reserved 1079296K
  class space    used 4880K, capacity 5109K, committed 5168K, reserved 1048576K
Event: 11.313 GC heap after
Heap after GC invocations=11 (full 2):
 PSYoungGen      total 90112K, used 0K [0x00000000eab00000, 0x00000000f2b80000, 0x0000000100000000)
  eden space 78848K, 0% used [0x00000000eab00000,0x00000000eab00000,0x00000000ef800000)
  from space 11264K, 0% used [0x00000000ef800000,0x00000000ef800000,0x00000000f0300000)
  to   space 11264K, 0% used [0x00000000f2080000,0x00000000f2080000,0x00000000f2b80000)
 ParOldGen       total 96768K, used 16485K [0x00000000c0000000, 0x00000000c5e80000, 0x00000000eab00000)
  object space 96768K, 17% used [0x00000000c0000000,0x00000000c1019558,0x00000000c5e80000)
 Metaspace       used 34728K, capacity 35274K, committed 35496K, reserved 1079296K
  class space    used 4880K, capacity 5109K, committed 5168K, reserved 1048576K
}
Event: 13.603 GC heap before
{Heap before GC invocations=12 (full 2):
 PSYoungGen      total 90112K, used 78848K [0x00000000eab00000, 0x00000000f2b80000, 0x0000000100000000)
  eden space 78848K, 100% used [0x00000000eab00000,0x00000000ef800000,0x00000000ef800000)
  from space 11264K, 0% used [0x00000000ef800000,0x00000000ef800000,0x00000000f0300000)
  to   space 11264K, 0% used [0x00000000f2080000,0x00000000f2080000,0x00000000f2b80000)
 ParOldGen       total 96768K, used 16485K [0x00000000c0000000, 0x00000000c5e80000, 0x00000000eab00000)
  object space 96768K, 17% used [0x00000000c0000000,0x00000000c1019558,0x00000000c5e80000)
 Metaspace       used 41377K, capacity 42042K, committed 42416K, reserved 1085440K
  class space    used 5722K, capacity 5943K, committed 6064K, reserved 1048576K
Event: 13.624 GC heap after
Heap after GC invocations=12 (full 2):
 PSYoungGen      total 110080K, used 11233K [0x00000000eab00000, 0x00000000f2b80000, 0x0000000100000000)
  eden space 98816K, 0% used [0x00000000eab00000,0x00000000eab00000,0x00000000f0b80000)
  from space 11264K, 99% used [0x00000000f2080000,0x00000000f2b78470,0x00000000f2b80000)
  to   space 12800K, 0% used [0x00000000f1280000,0x00000000f1280000,0x00000000f1f00000)
 ParOldGen       total 96768K, used 17665K [0x00000000c0000000, 0x00000000c5e80000, 0x00000000eab00000)
  object space 96768K, 18% used [0x00000000c0000000,0x00000000c11404b0,0x00000000c5e80000)
 Metaspace       used 41377K, capacity 42042K, committed 42416K, reserved 1085440K
  class space    used 5722K, capacity 5943K, committed 6064K, reserved 1048576K
}

