# JRE version: Java(TM) SE Runtime Environment (8.0_91-b15) (build 1.8.0_91-b15)
# Java VM: Java HotSpot(TM) 64-Bit Server VM (25.91-b15 mixed mode windows-amd64 compressed oops)
Heap:
 PSYoungGen      total 103424K, used 34334K [0x00000000eab00000, 0x00000000f2100000, 0x0000000100000000)
  eden space 92672K, 27% used [0x00000000eab00000,0x00000000ec3bfec0,0x00000000f0580000)
  from space 10752K, 83% used [0x00000000f1080000,0x00000000f1947af0,0x00000000f1b00000)
  to   space 11264K, 41% used [0x00000000f0580000,0x00000000f0a18000,0x00000000f1080000)
 ParOldGen       total 59904K, used 10569K [0x00000000c0000000, 0x00000000c3a80000, 0x00000000eab00000)
  object space 59904K, 17% used [0x00000000c0000000,0x00000000c0a54720,0x00000000c3a80000)
 Metaspace       used 34742K, capacity 35274K, committed 35496K, reserved 1079296K
  class space    used 4880K, capacity 5109K, committed 5168K, reserved 1048576K
GC Heap History (10 events):
Event: 7.233 GC heap after
Heap after GC invocations=5 (full 0):
 PSYoungGen      total 37888K, used 5116K [0x00000000eab00000, 0x00000000f0000000, 0x0000000100000000)
  eden space 32768K, 0% used [0x00000000eab00000,0x00000000eab00000,0x00000000ecb00000)
  from space 5120K, 99% used [0x00000000ecb00000,0x00000000ecfff060,0x00000000ed000000)
  to   space 10752K, 0% used [0x00000000ef580000,0x00000000ef580000,0x00000000f0000000)
 ParOldGen       total 86016K, used 9119K [0x00000000c0000000, 0x00000000c5400000, 0x00000000eab00000)
  object space 86016K, 10% used [0x00000000c0000000,0x00000000c08e7f30,0x00000000c5400000)
 Metaspace       used 20821K, capacity 21178K, committed 21296K, reserved 1067008K
  class space    used 2973K, capacity 3103K, committed 3120K, reserved 1048576K
}
Event: 7.233 GC heap before
{Heap before GC invocations=6 (full 1):
 PSYoungGen      total 37888K, used 5116K [0x00000000eab00000, 0x00000000f0000000, 0x0000000100000000)
  eden space 32768K, 0% used [0x00000000eab00000,0x00000000eab00000,0x00000000ecb00000)
  from space 5120K, 99% used [0x00000000ecb00000,0x00000000ecfff060,0x00000000ed000000)
  to   space 10752K, 0% used [0x00000000ef580000,0x00000000ef580000,0x00000000f0000000)
 ParOldGen       total 86016K, used 9119K [0x00000000c0000000, 0x00000000c5400000, 0x00000000eab00000)
  object space 86016K, 10% used [0x00000000c0000000,0x00000000c08e7f30,0x00000000c5400000)
 Metaspace       used 20821K, capacity 21178K, committed 21296K, reserved 1067008K
  class space    used 2973K, capacity 3103K, committed 3120K, reserved 1048576K
Event: 7.290 GC heap after
Heap after GC invocations=6 (full 1):
 PSYoungGen      total 37888K, used 0K [0x00000000eab00000, 0x00000000f0000000, 0x0000000100000000)
  eden space 32768K, 0% used [0x00000000eab00000,0x00000000eab00000,0x00000000ecb00000)
  from space 5120K, 0% used [0x00000000ecb00000,0x00000000ecb00000,0x00000000ed000000)
  to   space 10752K, 0% used [0x00000000ef580000,0x00000000ef580000,0x00000000f0000000)
 ParOldGen       total 59904K, used 9109K [0x00000000c0000000, 0x00000000c3a80000, 0x00000000eab00000)
  object space 59904K, 15% used [0x00000000c0000000,0x00000000c08e56d0,0x00000000c3a80000)
 Metaspace       used 20821K, capacity 21178K, committed 21296K, reserved 1067008K
  class space    used 2973K, capacity 3103K, committed 3120K, reserved 1048576K
}
Event: 8.329 GC heap before
{Heap before GC invocations=7 (full 1):
 PSYoungGen      total 37888K, used 32768K [0x00000000eab00000, 0x00000000f0000000, 0x0000000100000000)
  eden space 32768K, 100% used [0x00000000eab00000,0x00000000ecb00000,0x00000000ecb00000)
  from space 5120K, 0% used [0x00000000ecb00000,0x00000000ecb00000,0x00000000ed000000)
  to   space 10752K, 0% used [0x00000000ef580000,0x00000000ef580000,0x00000000f0000000)
 ParOldGen       total 59904K, used 9109K [0x00000000c0000000, 0x00000000c3a80000, 0x00000000eab00000)
  object space 59904K, 15% used [0x00000000c0000000,0x00000000c08e56d0,0x00000000c3a80000)
 Metaspace       used 23981K, capacity 24336K, committed 24496K, reserved 1071104K
  class space    used 3356K, capacity 3491K, committed 3504K, reserved 1048576K
Event: 8.361 GC heap after
Heap after GC invocations=7 (full 1):
 PSYoungGen      total 59392K, used 3817K [0x00000000eab00000, 0x00000000ef980000, 0x0000000100000000)
  eden space 55296K, 0% used [0x00000000eab00000,0x00000000eab00000,0x00000000ee100000)
  from space 4096K, 93% used [0x00000000ef580000,0x00000000ef93a780,0x00000000ef980000)
  to   space 10752K, 0% used [0x00000000ee480000,0x00000000ee480000,0x00000000eef00000)
 ParOldGen       total 59904K, used 9117K [0x00000000c0000000, 0x00000000c3a80000, 0x00000000eab00000)
  object space 59904K, 15% used [0x00000000c0000000,0x00000000c08e76d0,0x00000000c3a80000)
 Metaspace       used 23981K, capacity 24336K, committed 24496K, reserved 1071104K
  class space    used 3356K, capacity 3491K, committed 3504K, reserved 1048576K
}
Event: 9.518 GC heap before
{Heap before GC invocations=8 (full 1):
 PSYoungGen      total 59392K, used 59113K [0x00000000eab00000, 0x00000000ef980000, 0x0000000100000000)
  eden space 55296K, 100% used [0x00000000eab00000,0x00000000ee100000,0x00000000ee100000)
  from space 4096K, 93% used [0x00000000ef580000,0x00000000ef93a780,0x00000000ef980000)
  to   space 10752K, 0% used [0x00000000ee480000,0x00000000ee480000,0x00000000eef00000)
 ParOldGen       total 59904K, used 9117K [0x00000000c0000000, 0x00000000c3a80000, 0x00000000eab00000)
  object space 59904K, 15% used [0x00000000c0000000,0x00000000c08e76d0,0x00000000c3a80000)
 Metaspace       used 27666K, capacity 28096K, committed 28464K, reserved 1073152K
  class space    used 3900K, capacity 4081K, committed 4144K, reserved 1048576K
Event: 9.537 GC heap after
Heap after GC invocations=8 (full 1):
 PSYoungGen      total 69632K, used 7220K [0x00000000eab00000, 0x00000000f1b00000, 0x0000000100000000)
  eden space 58880K, 0% used [0x00000000eab00000,0x00000000eab00000,0x00000000ee480000)
  from space 10752K, 67% used [0x00000000ee480000,0x00000000eeb8d020,0x00000000eef00000)
  to   space 10752K, 0% used [0x00000000f1080000,0x00000000f1080000,0x00000000f1b00000)
 ParOldGen       total 59904K, used 9125K [0x00000000c0000000, 0x00000000c3a80000, 0x00000000eab00000)
  object space 59904K, 15% used [0x00000000c0000000,0x00000000c08e96d0,0x00000000c3a80000)
 Metaspace       used 27666K, capacity 28096K, committed 28464K, reserved 1073152K
  class space    used 3900K, capacity 4081K, committed 4144K, reserved 1048576K
}
Event: 10.983 GC heap before
{Heap before GC invocations=9 (full 1):
 PSYoungGen      total 69632K, used 66100K [0x00000000eab00000, 0x00000000f1b00000, 0x0000000100000000)
  eden space 58880K, 100% used [0x00000000eab00000,0x00000000ee480000,0x00000000ee480000)
  from space 10752K, 67% used [0x00000000ee480000,0x00000000eeb8d020,0x00000000eef00000)
  to   space 10752K, 0% used [0x00000000f1080000,0x00000000f1080000,0x00000000f1b00000)
 ParOldGen       total 59904K, used 9125K [0x00000000c0000000, 0x00000000c3a80000, 0x00000000eab00000)
  object space 59904K, 15% used [0x00000000c0000000,0x00000000c08e96d0,0x00000000c3a80000)
 Metaspace       used 30456K, capacity 30908K, committed 31152K, reserved 1075200K
  class space    used 4326K, capacity 4507K, committed 4528K, reserved 1048576K
Event: 11.000 GC heap after
Heap after GC invocations=9 (full 1):
 PSYoungGen      total 103424K, used 8990K [0x00000000eab00000, 0x00000000f2100000, 0x0000000100000000)
  eden space 92672K, 0% used [0x00000000eab00000,0x00000000eab00000,0x00000000f0580000)
  from space 10752K, 83% used [0x00000000f1080000,0x00000000f1947af0,0x00000000f1b00000)
  to   space 11264K, 0% used [0x00000000f0580000,0x00000000f0580000,0x00000000f1080000)
 ParOldGen       total 59904K, used 9133K [0x00000000c0000000, 0x00000000c3a80000, 0x00000000eab00000)
  object space 59904K, 15% used [0x00000000c0000000,0x00000000c08eb6d0,0x00000000c3a80000)
 Metaspace       used 30456K, capacity 30908K, committed 31152K, reserved 1075200K
  class space    used 4326K, capacity 4507K, committed 4528K, reserved 1048576K
}
Event: 11.907 GC heap before
{Heap before GC invocations=10 (full 1):
 PSYoungGen      total 103424K, used 34334K [0x00000000eab00000, 0x00000000f2100000, 0x0000000100000000)
  eden space 92672K, 27% used [0x00000000eab00000,0x00000000ec3bfec0,0x00000000f0580000)
  from space 10752K, 83% used [0x00000000f1080000,0x00000000f1947af0,0x00000000f1b00000)
  to   space 11264K, 0% used [0x00000000f0580000,0x00000000f0580000,0x00000000f1080000)
 ParOldGen       total 59904K, used 9133K [0x00000000c0000000, 0x00000000c3a80000, 0x00000000eab00000)
  object space 59904K, 15% used [0x00000000c0000000,0x00000000c08eb6d0,0x00000000c3a80000)
 Metaspace       used 34742K, capacity 35274K, committed 35496K, reserved 1079296K
  class space    used 4880K, capacity 5109K, committed 5168K, reserved 1048576K

