# JRE version: Java(TM) SE Runtime Environment (8.0_91-b15) (build 1.8.0_91-b15)
# Java VM: Java HotSpot(TM) 64-Bit Server VM (25.91-b15 mixed mode windows-amd64 compressed oops)
Heap:
 PSYoungGen      total 114688K, used 65087K [0x00000000eab00000, 0x00000000f3700000, 0x0000000100000000)
  eden space 101376K, 51% used [0x00000000eab00000,0x00000000edd8fff8,0x00000000f0e00000)
  from space 13312K, 99% used [0x00000000f2a00000,0x00000000f36ffdf8,0x00000000f3700000)
  to   space 13312K, 18% used [0x00000000f0e00000,0x00000000f1068000,0x00000000f1b00000)
 ParOldGen       total 98304K, used 32497K [0x00000000c0000000, 0x00000000c6000000, 0x00000000eab00000)
  object space 98304K, 33% used [0x00000000c0000000,0x00000000c1fcc468,0x00000000c6000000)
 Metaspace       used 57026K, capacity 58832K, committed 58928K, reserved 1103872K
  class space    used 7940K, capacity 8438K, committed 8496K, reserved 1048576K
GC Heap History (10 events):
Event: 12.035 GC heap before
{Heap before GC invocations=10 (full 1):
 PSYoungGen      total 89088K, used 45584K [0x00000000eab00000, 0x00000000f1a80000, 0x0000000100000000)
  eden space 78336K, 46% used [0x00000000eab00000,0x00000000ece96108,0x00000000ef780000)
  from space 10752K, 85% used [0x00000000f0280000,0x00000000f0b6df78,0x00000000f0d00000)
  to   space 11264K, 0% used [0x00000000ef780000,0x00000000ef780000,0x00000000f0280000)
 ParOldGen       total 61952K, used 9269K [0x00000000c0000000, 0x00000000c3c80000, 0x00000000eab00000)
  object space 61952K, 14% used [0x00000000c0000000,0x00000000c090d508,0x00000000c3c80000)
 Metaspace       used 34679K, capacity 35272K, committed 35496K, reserved 1079296K
  class space    used 4868K, capacity 5086K, committed 5168K, reserved 1048576K
Event: 12.058 GC heap after
Heap after GC invocations=10 (full 1):
 PSYoungGen      total 89600K, used 8496K [0x00000000eab00000, 0x00000000f2800000, 0x0000000100000000)
  eden space 78336K, 0% used [0x00000000eab00000,0x00000000eab00000,0x00000000ef780000)
  from space 11264K, 75% used [0x00000000ef780000,0x00000000effcc010,0x00000000f0280000)
  to   space 11776K, 0% used [0x00000000f1c80000,0x00000000f1c80000,0x00000000f2800000)
 ParOldGen       total 61952K, used 10973K [0x00000000c0000000, 0x00000000c3c80000, 0x00000000eab00000)
  object space 61952K, 17% used [0x00000000c0000000,0x00000000c0ab7588,0x00000000c3c80000)
 Metaspace       used 34679K, capacity 35272K, committed 35496K, reserved 1079296K
  class space    used 4868K, capacity 5086K, committed 5168K, reserved 1048576K
}
Event: 12.058 GC heap before
{Heap before GC invocations=11 (full 2):
 PSYoungGen      total 89600K, used 8496K [0x00000000eab00000, 0x00000000f2800000, 0x0000000100000000)
  eden space 78336K, 0% used [0x00000000eab00000,0x00000000eab00000,0x00000000ef780000)
  from space 11264K, 75% used [0x00000000ef780000,0x00000000effcc010,0x00000000f0280000)
  to   space 11776K, 0% used [0x00000000f1c80000,0x00000000f1c80000,0x00000000f2800000)
 ParOldGen       total 61952K, used 10973K [0x00000000c0000000, 0x00000000c3c80000, 0x00000000eab00000)
  object space 61952K, 17% used [0x00000000c0000000,0x00000000c0ab7588,0x00000000c3c80000)
 Metaspace       used 34679K, capacity 35272K, committed 35496K, reserved 1079296K
  class space    used 4868K, capacity 5086K, committed 5168K, reserved 1048576K
Event: 12.199 GC heap after
Heap after GC invocations=11 (full 2):
 PSYoungGen      total 89600K, used 0K [0x00000000eab00000, 0x00000000f2800000, 0x0000000100000000)
  eden space 78336K, 0% used [0x00000000eab00000,0x00000000eab00000,0x00000000ef780000)
  from space 11264K, 0% used [0x00000000ef780000,0x00000000ef780000,0x00000000f0280000)
  to   space 11776K, 0% used [0x00000000f1c80000,0x00000000f1c80000,0x00000000f2800000)
 ParOldGen       total 98304K, used 16959K [0x00000000c0000000, 0x00000000c6000000, 0x00000000eab00000)
  object space 98304K, 17% used [0x00000000c0000000,0x00000000c108ffc8,0x00000000c6000000)
 Metaspace       used 34679K, capacity 35272K, committed 35496K, reserved 1079296K
  class space    used 4868K, capacity 5086K, committed 5168K, reserved 1048576K
}
Event: 14.504 GC heap before
{Heap before GC invocations=12 (full 2):
 PSYoungGen      total 89600K, used 78336K [0x00000000eab00000, 0x00000000f2800000, 0x0000000100000000)
  eden space 78336K, 100% used [0x00000000eab00000,0x00000000ef780000,0x00000000ef780000)
  from space 11264K, 0% used [0x00000000ef780000,0x00000000ef780000,0x00000000f0280000)
  to   space 11776K, 0% used [0x00000000f1c80000,0x00000000f1c80000,0x00000000f2800000)
 ParOldGen       total 98304K, used 16959K [0x00000000c0000000, 0x00000000c6000000, 0x00000000eab00000)
  object space 98304K, 17% used [0x00000000c0000000,0x00000000c108ffc8,0x00000000c6000000)
 Metaspace       used 41542K, capacity 42318K, committed 42672K, reserved 1085440K
  class space    used 5739K, capacity 6014K, committed 6064K, reserved 1048576K
Event: 14.525 GC heap after
Heap after GC invocations=12 (full 2):
 PSYoungGen      total 108032K, used 11768K [0x00000000eab00000, 0x00000000f2800000, 0x0000000100000000)
  eden space 96256K, 0% used [0x00000000eab00000,0x00000000eab00000,0x00000000f0900000)
  from space 11776K, 99% used [0x00000000f1c80000,0x00000000f27fe120,0x00000000f2800000)
  to   space 13312K, 0% used [0x00000000f0e00000,0x00000000f0e00000,0x00000000f1b00000)
 ParOldGen       total 98304K, used 17772K [0x00000000c0000000, 0x00000000c6000000, 0x00000000eab00000)
  object space 98304K, 18% used [0x00000000c0000000,0x00000000c115b238,0x00000000c6000000)
 Metaspace       used 41542K, capacity 42318K, committed 42672K, reserved 1085440K
  class space    used 5739K, capacity 6014K, committed 6064K, reserved 1048576K
}
Event: 17.998 GC heap before
{Heap before GC invocations=13 (full 2):
 PSYoungGen      total 108032K, used 108024K [0x00000000eab00000, 0x00000000f2800000, 0x0000000100000000)
  eden space 96256K, 100% used [0x00000000eab00000,0x00000000f0900000,0x00000000f0900000)
  from space 11776K, 99% used [0x00000000f1c80000,0x00000000f27fe120,0x00000000f2800000)
  to   space 13312K, 0% used [0x00000000f0e00000,0x00000000f0e00000,0x00000000f1b00000)
 ParOldGen       total 98304K, used 17772K [0x00000000c0000000, 0x00000000c6000000, 0x00000000eab00000)
  object space 98304K, 18% used [0x00000000c0000000,0x00000000c115b238,0x00000000c6000000)
 Metaspace       used 50274K, capacity 51448K, committed 51632K, reserved 1093632K
  class space    used 6928K, capacity 7255K, committed 7344K, reserved 1048576K
Event: 18.017 GC heap after
Heap after GC invocations=13 (full 2):
 PSYoungGen      total 114688K, used 8576K [0x00000000eab00000, 0x00000000f3700000, 0x0000000100000000)
  eden space 101376K, 0% used [0x00000000eab00000,0x00000000eab00000,0x00000000f0e00000)
  from space 13312K, 64% used [0x00000000f0e00000,0x00000000f16603d8,0x00000000f1b00000)
  to   space 13312K, 0% used [0x00000000f2a00000,0x00000000f2a00000,0x00000000f3700000)
 ParOldGen       total 98304K, used 24985K [0x00000000c0000000, 0x00000000c6000000, 0x00000000eab00000)
  object space 98304K, 25% used [0x00000000c0000000,0x00000000c1866400,0x00000000c6000000)
 Metaspace       used 50274K, capacity 51448K, committed 51632K, reserved 1093632K
  class space    used 6928K, capacity 7255K, committed 7344K, reserved 1048576K
}
Event: 20.268 GC heap before
{Heap before GC invocations=14 (full 2):
 PSYoungGen      total 114688K, used 109952K [0x00000000eab00000, 0x00000000f3700000, 0x0000000100000000)
  eden space 101376K, 100% used [0x00000000eab00000,0x00000000f0e00000,0x00000000f0e00000)
  from space 13312K, 64% used [0x00000000f0e00000,0x00000000f16603d8,0x00000000f1b00000)
  to   space 13312K, 0% used [0x00000000f2a00000,0x00000000f2a00000,0x00000000f3700000)
 ParOldGen       total 98304K, used 24985K [0x00000000c0000000, 0x00000000c6000000, 0x00000000eab00000)
  object space 98304K, 25% used [0x00000000c0000000,0x00000000c1866400,0x00000000c6000000)
 Metaspace       used 55684K, capacity 57160K, committed 57392K, reserved 1097728K
  class space    used 7771K, capacity 8176K, committed 8240K, reserved 1048576K
Event: 20.301 GC heap after
Heap after GC invocations=14 (full 2):
 PSYoungGen      total 114688K, used 13311K [0x00000000eab00000, 0x00000000f3700000, 0x0000000100000000)
  eden space 101376K, 0% used [0x00000000eab00000,0x00000000eab00000,0x00000000f0e00000)
  from space 13312K, 99% used [0x00000000f2a00000,0x00000000f36ffdf8,0x00000000f3700000)
  to   space 13312K, 0% used [0x00000000f0e00000,0x00000000f0e00000,0x00000000f1b00000)
 ParOldGen       total 98304K, used 26842K [0x00000000c0000000, 0x00000000c6000000, 0x00000000eab00000)
  object space 98304K, 27% used [0x00000000c0000000,0x00000000c1a36958,0x00000000c6000000)
 Metaspace       used 55684K, capacity 57160K, committed 57392K, reserved 1097728K
  class space    used 7771K, capacity 8176K, committed 8240K, reserved 1048576K
}

