# JRE version: Java(TM) SE Runtime Environment (8.0_91-b15) (build 1.8.0_91-b15)
# Java VM: Java HotSpot(TM) 64-Bit Server VM (25.91-b15 mixed mode windows-amd64 compressed oops)
Heap:
 PSYoungGen      total 49664K, used 2206K [0x00000000eab00000, 0x00000000eeb00000, 0x0000000100000000)
  eden space 39936K, 5% used [0x00000000eab00000,0x00000000ead27ab0,0x00000000ed200000)
  from space 9728K, 0% used [0x00000000ed200000,0x00000000ed200000,0x00000000edb80000)
  to   space 9728K, 0% used [0x00000000ee180000,0x00000000ee180000,0x00000000eeb00000)
 ParOldGen       total 66048K, used 16745K [0x00000000c0000000, 0x00000000c4080000, 0x00000000eab00000)
  object space 66048K, 25% used [0x00000000c0000000,0x00000000c105a530,0x00000000c4080000)
 Metaspace       used 34927K, capacity 35560K, committed 35752K, reserved 1079296K
  class space    used 4890K, capacity 5118K, committed 5168K, reserved 1048576K
GC Heap History (10 events):
Event: 28.125 GC heap before
{Heap before GC invocations=9 (full 1):
 PSYoungGen      total 36864K, used 36719K [0x00000000eab00000, 0x00000000edd80000, 0x0000000100000000)
  eden space 31232K, 100% used [0x00000000eab00000,0x00000000ec980000,0x00000000ec980000)
  from space 5632K, 97% used [0x00000000eca00000,0x00000000ecf5bc88,0x00000000ecf80000)
  to   space 10240K, 0% used [0x00000000ed380000,0x00000000ed380000,0x00000000edd80000)
 ParOldGen       total 46592K, used 9156K [0x00000000c0000000, 0x00000000c2d80000, 0x00000000eab00000)
  object space 46592K, 19% used [0x00000000c0000000,0x00000000c08f1060,0x00000000c2d80000)
 Metaspace       used 28143K, capacity 28640K, committed 28848K, reserved 1073152K
  class space    used 3987K, capacity 4177K, committed 4272K, reserved 1048576K
Event: 28.133 GC heap after
Heap after GC invocations=9 (full 1):
 PSYoungGen      total 40448K, used 5993K [0x00000000eab00000, 0x00000000edd00000, 0x0000000100000000)
  eden space 30720K, 0% used [0x00000000eab00000,0x00000000eab00000,0x00000000ec900000)
  from space 9728K, 61% used [0x00000000ed380000,0x00000000ed95a508,0x00000000edd00000)
  to   space 10240K, 0% used [0x00000000ec900000,0x00000000ec900000,0x00000000ed300000)
 ParOldGen       total 46592K, used 9164K [0x00000000c0000000, 0x00000000c2d80000, 0x00000000eab00000)
  object space 46592K, 19% used [0x00000000c0000000,0x00000000c08f3060,0x00000000c2d80000)
 Metaspace       used 28143K, capacity 28640K, committed 28848K, reserved 1073152K
  class space    used 3987K, capacity 4177K, committed 4272K, reserved 1048576K
}
Event: 29.475 GC heap before
{Heap before GC invocations=10 (full 1):
 PSYoungGen      total 40448K, used 36713K [0x00000000eab00000, 0x00000000edd00000, 0x0000000100000000)
  eden space 30720K, 100% used [0x00000000eab00000,0x00000000ec900000,0x00000000ec900000)
  from space 9728K, 61% used [0x00000000ed380000,0x00000000ed95a508,0x00000000edd00000)
  to   space 10240K, 0% used [0x00000000ec900000,0x00000000ec900000,0x00000000ed300000)
 ParOldGen       total 46592K, used 9164K [0x00000000c0000000, 0x00000000c2d80000, 0x00000000eab00000)
  object space 46592K, 19% used [0x00000000c0000000,0x00000000c08f3060,0x00000000c2d80000)
 Metaspace       used 29845K, capacity 30308K, committed 30640K, reserved 1075200K
  class space    used 4237K, capacity 4435K, committed 4528K, reserved 1048576K
Event: 29.491 GC heap after
Heap after GC invocations=10 (full 1):
 PSYoungGen      total 40960K, used 7100K [0x00000000eab00000, 0x00000000eea80000, 0x0000000100000000)
  eden space 30720K, 0% used [0x00000000eab00000,0x00000000eab00000,0x00000000ec900000)
  from space 10240K, 69% used [0x00000000ec900000,0x00000000ecfef218,0x00000000ed300000)
  to   space 10240K, 0% used [0x00000000ee080000,0x00000000ee080000,0x00000000eea80000)
 ParOldGen       total 46592K, used 9172K [0x00000000c0000000, 0x00000000c2d80000, 0x00000000eab00000)
  object space 46592K, 19% used [0x00000000c0000000,0x00000000c08f5060,0x00000000c2d80000)
 Metaspace       used 29845K, capacity 30308K, committed 30640K, reserved 1075200K
  class space    used 4237K, capacity 4435K, committed 4528K, reserved 1048576K
}
Event: 34.648 GC heap before
{Heap before GC invocations=11 (full 1):
 PSYoungGen      total 40960K, used 37820K [0x00000000eab00000, 0x00000000eea80000, 0x0000000100000000)
  eden space 30720K, 100% used [0x00000000eab00000,0x00000000ec900000,0x00000000ec900000)
  from space 10240K, 69% used [0x00000000ec900000,0x00000000ecfef218,0x00000000ed300000)
  to   space 10240K, 0% used [0x00000000ee080000,0x00000000ee080000,0x00000000eea80000)
 ParOldGen       total 46592K, used 9172K [0x00000000c0000000, 0x00000000c2d80000, 0x00000000eab00000)
  object space 46592K, 19% used [0x00000000c0000000,0x00000000c08f5060,0x00000000c2d80000)
 Metaspace       used 30707K, capacity 31170K, committed 31408K, reserved 1077248K
  class space    used 4345K, capacity 4525K, committed 4528K, reserved 1048576K
Event: 34.659 GC heap after
Heap after GC invocations=11 (full 1):
 PSYoungGen      total 34816K, used 4403K [0x00000000eab00000, 0x00000000ee500000, 0x0000000100000000)
  eden space 30208K, 0% used [0x00000000eab00000,0x00000000eab00000,0x00000000ec880000)
  from space 4608K, 95% used [0x00000000ee080000,0x00000000ee4cccb8,0x00000000ee500000)
  to   space 9728K, 0% used [0x00000000ed200000,0x00000000ed200000,0x00000000edb80000)
 ParOldGen       total 46592K, used 12717K [0x00000000c0000000, 0x00000000c2d80000, 0x00000000eab00000)
  object space 46592K, 27% used [0x00000000c0000000,0x00000000c0c6b400,0x00000000c2d80000)
 Metaspace       used 30707K, capacity 31170K, committed 31408K, reserved 1077248K
  class space    used 4345K, capacity 4525K, committed 4528K, reserved 1048576K
}
Event: 36.195 GC heap before
{Heap before GC invocations=12 (full 1):
 PSYoungGen      total 34816K, used 23768K [0x00000000eab00000, 0x00000000ee500000, 0x0000000100000000)
  eden space 30208K, 64% used [0x00000000eab00000,0x00000000ebde9640,0x00000000ec880000)
  from space 4608K, 95% used [0x00000000ee080000,0x00000000ee4cccb8,0x00000000ee500000)
  to   space 9728K, 0% used [0x00000000ed200000,0x00000000ed200000,0x00000000edb80000)
 ParOldGen       total 46592K, used 12717K [0x00000000c0000000, 0x00000000c2d80000, 0x00000000eab00000)
  object space 46592K, 27% used [0x00000000c0000000,0x00000000c0c6b400,0x00000000c2d80000)
 Metaspace       used 34685K, capacity 35272K, committed 35496K, reserved 1079296K
  class space    used 4863K, capacity 5086K, committed 5168K, reserved 1048576K
Event: 36.260 GC heap after
Heap after GC invocations=12 (full 1):
 PSYoungGen      total 49664K, used 4905K [0x00000000eab00000, 0x00000000eeb00000, 0x0000000100000000)
  eden space 39936K, 0% used [0x00000000eab00000,0x00000000eab00000,0x00000000ed200000)
  from space 9728K, 50% used [0x00000000ed200000,0x00000000ed6ca790,0x00000000edb80000)
  to   space 9728K, 0% used [0x00000000ee180000,0x00000000ee180000,0x00000000eeb00000)
 ParOldGen       total 46592K, used 14269K [0x00000000c0000000, 0x00000000c2d80000, 0x00000000eab00000)
  object space 46592K, 30% used [0x00000000c0000000,0x00000000c0def420,0x00000000c2d80000)
 Metaspace       used 34685K, capacity 35272K, committed 35496K, reserved 1079296K
  class space    used 4863K, capacity 5086K, committed 5168K, reserved 1048576K
}
Event: 36.260 GC heap before
{Heap before GC invocations=13 (full 2):
 PSYoungGen      total 49664K, used 4905K [0x00000000eab00000, 0x00000000eeb00000, 0x0000000100000000)
  eden space 39936K, 0% used [0x00000000eab00000,0x00000000eab00000,0x00000000ed200000)
  from space 9728K, 50% used [0x00000000ed200000,0x00000000ed6ca790,0x00000000edb80000)
  to   space 9728K, 0% used [0x00000000ee180000,0x00000000ee180000,0x00000000eeb00000)
 ParOldGen       total 46592K, used 14269K [0x00000000c0000000, 0x00000000c2d80000, 0x00000000eab00000)
  object space 46592K, 30% used [0x00000000c0000000,0x00000000c0def420,0x00000000c2d80000)
 Metaspace       used 34685K, capacity 35272K, committed 35496K, reserved 1079296K
  class space    used 4863K, capacity 5086K, committed 5168K, reserved 1048576K
Event: 36.439 GC heap after
Heap after GC invocations=13 (full 2):
 PSYoungGen      total 49664K, used 0K [0x00000000eab00000, 0x00000000eeb00000, 0x0000000100000000)
  eden space 39936K, 0% used [0x00000000eab00000,0x00000000eab00000,0x00000000ed200000)
  from space 9728K, 0% used [0x00000000ed200000,0x00000000ed200000,0x00000000edb80000)
  to   space 9728K, 0% used [0x00000000ee180000,0x00000000ee180000,0x00000000eeb00000)
 ParOldGen       total 66048K, used 16745K [0x00000000c0000000, 0x00000000c4080000, 0x00000000eab00000)
  object space 66048K, 25% used [0x00000000c0000000,0x00000000c105a530,0x00000000c4080000)
 Metaspace       used 34685K, capacity 35272K, committed 35496K, reserved 1079296K
  class space    used 4863K, capacity 5086K, committed 5168K, reserved 1048576K
}

